This is pdfTeX, Version 3.14159265-2.6-1.40.21 (TeX Live 2020/Arch Linux) (preloaded format=pdflatex 2021.4.19)  4 MAY 2021 16:10
entering extended mode
 \write18 enabled.
 %&-line parsing enabled.
**\def\tikzexternalrealjob{Qualificacao}\input{Qualificacao}
(./Qualificacao.tex (/usr/share/texmf-dist/tex/latex/base/book.cls
Document Class: book 2020/04/10 v1.4m Standard LaTeX document class
(/usr/share/texmf-dist/tex/latex/base/bk12.clo
File: bk12.clo 2020/04/10 v1.4m Standard LaTeX file (size option)
)
\c@part=\count177
\c@chapter=\count178
\c@section=\count179
\c@subsection=\count180
\c@subsubsection=\count181
\c@paragraph=\count182
\c@subparagraph=\count183
\c@figure=\count184
\c@table=\count185
\abovecaptionskip=\skip47
\belowcaptionskip=\skip48
\bibindent=\dimen138
) (/usr/share/texmf-dist/tex/latex/geometry/geometry.sty
Package: geometry 2020/01/02 v5.9 Page Geometry
(/usr/share/texmf-dist/tex/latex/graphics/keyval.sty
Package: keyval 2014/10/28 v1.15 key=value parser (DPC)
\KV@toks@=\toks15
) (/usr/share/texmf-dist/tex/generic/iftex/ifvtex.sty
Package: ifvtex 2019/10/25 v1.7 ifvtex legacy package. Use iftex instead.
(/usr/share/texmf-dist/tex/generic/iftex/iftex.sty
Package: iftex 2020/03/06 v1.0d TeX engine tests
))
\Gm@cnth=\count186
\Gm@cntv=\count187
\c@Gm@tempcnt=\count188
\Gm@bindingoffset=\dimen139
\Gm@wd@mp=\dimen140
\Gm@odd@mp=\dimen141
\Gm@even@mp=\dimen142
\Gm@layoutwidth=\dimen143
\Gm@layoutheight=\dimen144
\Gm@layouthoffset=\dimen145
\Gm@layoutvoffset=\dimen146
\Gm@dimlist=\toks16
) (/usr/share/texmf-dist/tex/latex/base/inputenc.sty
Package: inputenc 2020/08/01 v1.3d Input encoding file
\inpenc@prehook=\toks17
\inpenc@posthook=\toks18
) (/usr/share/texmf-dist/tex/latex/base/fontenc.sty
Package: fontenc 2020/08/10 v2.0s Standard LaTeX package
) (/usr/share/texmf-dist/tex/latex/amsmath/amsmath.sty
Package: amsmath 2020/09/23 v2.17i AMS math features
\@mathmargin=\skip49
For additional information on amsmath, use the `?' option.
(/usr/share/texmf-dist/tex/latex/amsmath/amstext.sty
Package: amstext 2000/06/29 v2.01 AMS text
(/usr/share/texmf-dist/tex/latex/amsmath/amsgen.sty
File: amsgen.sty 1999/11/30 v2.0 generic functions
\@emptytoks=\toks19
\ex@=\dimen147
)) (/usr/share/texmf-dist/tex/latex/amsmath/amsbsy.sty
Package: amsbsy 1999/11/29 v1.2d Bold Symbols
\pmbraise@=\dimen148
) (/usr/share/texmf-dist/tex/latex/amsmath/amsopn.sty
Package: amsopn 2016/03/08 v2.02 operator names
)
\inf@bad=\count189
LaTeX Info: Redefining \frac on input line 234.
\uproot@=\count190
\leftroot@=\count191
LaTeX Info: Redefining \overline on input line 399.
\classnum@=\count192
\DOTSCASE@=\count193
LaTeX Info: Redefining \ldots on input line 496.
LaTeX Info: Redefining \dots on input line 499.
LaTeX Info: Redefining \cdots on input line 620.
\Mathstrutbox@=\box47
\strutbox@=\box48
\big@size=\dimen149
LaTeX Font Info:    Redeclaring font encoding OML on input line 743.
LaTeX Font Info:    Redeclaring font encoding OMS on input line 744.
\macc@depth=\count194
\c@MaxMatrixCols=\count195
\dotsspace@=\muskip16
\c@parentequation=\count196
\dspbrk@lvl=\count197
\tag@help=\toks20
\row@=\count198
\column@=\count199
\maxfields@=\count266
\andhelp@=\toks21
\eqnshift@=\dimen150
\alignsep@=\dimen151
\tagshift@=\dimen152
\tagwidth@=\dimen153
\totwidth@=\dimen154
\lineht@=\dimen155
\@envbody=\toks22
\multlinegap=\skip50
\multlinetaggap=\skip51
\mathdisplay@stack=\toks23
LaTeX Info: Redefining \[ on input line 2923.
LaTeX Info: Redefining \] on input line 2924.
) (/usr/share/texmf-dist/tex/latex/amsfonts/amssymb.sty
Package: amssymb 2013/01/14 v3.01 AMS font symbols
(/usr/share/texmf-dist/tex/latex/amsfonts/amsfonts.sty
Package: amsfonts 2013/01/14 v3.01 Basic AMSFonts support
\symAMSa=\mathgroup4
\symAMSb=\mathgroup5
LaTeX Font Info:    Redeclaring math symbol \hbar on input line 98.
LaTeX Font Info:    Overwriting math alphabet `\mathfrak' in version `bold'
(Font)                  U/euf/m/n --> U/euf/b/n on input line 106.
)) (/usr/share/texmf-dist/tex/latex/base/textcomp.sty
Package: textcomp 2020/02/02 v2.0n Standard LaTeX package
) (/usr/share/texmf-dist/tex/latex/tools/bm.sty
Package: bm 2019/07/24 v1.2d Bold Symbol Support (DPC/FMi)
\symboldoperators=\mathgroup6
\symboldletters=\mathgroup7
\symboldsymbols=\mathgroup8
LaTeX Font Info:    Redeclaring math alphabet \mathbf on input line 141.
LaTeX Info: Redefining \bm on input line 209.
) (/usr/share/texmf-dist/tex/latex/jknapltx/mathrsfs.sty
Package: mathrsfs 1996/01/01 Math RSFS package v1.0 (jk)
\symrsfs=\mathgroup9
) (/usr/share/texmf-dist/tex/latex/amscls/amsthm.sty
Package: amsthm 2020/05/29 v2.20.6
\thm@style=\toks24
\thm@bodyfont=\toks25
\thm@headfont=\toks26
\thm@notefont=\toks27
\thm@headpunct=\toks28
\thm@preskip=\skip52
\thm@postskip=\skip53
\thm@headsep=\skip54
\dth@everypar=\toks29
) (/usr/local/share/texmf/tex/latex/pgf/basiclayer/pgf.sty (/usr/local/share/te
xmf/tex/latex/pgf/utilities/pgfrcs.sty (/usr/local/share/texmf/tex/generic/pgf/
utilities/pgfutil-common.tex
\pgfutil@everybye=\toks30
\pgfutil@tempdima=\dimen156
\pgfutil@tempdimb=\dimen157
(/usr/local/share/texmf/tex/generic/pgf/utilities/pgfutil-common-lists.tex)) (/
usr/local/share/texmf/tex/generic/pgf/utilities/pgfutil-latex.def
\pgfutil@abb=\box49
) (/usr/local/share/texmf/tex/generic/pgf/utilities/pgfrcs.code.tex (/usr/local
/share/texmf/tex/generic/pgf/pgf.revision.tex)
Package: pgfrcs 2020/12/27 v3.1.8b (3.1.8b)
))
Package: pgf 2020/12/27 v3.1.8b (3.1.8b)
(/usr/local/share/texmf/tex/latex/pgf/basiclayer/pgfcore.sty (/usr/share/texmf-
dist/tex/latex/graphics/graphicx.sty
Package: graphicx 2020/09/09 v1.2b Enhanced LaTeX Graphics (DPC,SPQR)
(/usr/share/texmf-dist/tex/latex/graphics/graphics.sty
Package: graphics 2020/08/30 v1.4c Standard LaTeX Graphics (DPC,SPQR)
(/usr/share/texmf-dist/tex/latex/graphics/trig.sty
Package: trig 2016/01/03 v1.10 sin cos tan (DPC)
) (/usr/share/texmf-dist/tex/latex/graphics-cfg/graphics.cfg
File: graphics.cfg 2016/06/04 v1.11 sample graphics configuration
)
Package graphics Info: Driver file: pdftex.def on input line 105.
(/usr/share/texmf-dist/tex/latex/graphics-def/pdftex.def
File: pdftex.def 2020/10/05 v1.2a Graphics/color driver for pdftex
))
\Gin@req@height=\dimen158
\Gin@req@width=\dimen159
) (/usr/local/share/texmf/tex/latex/pgf/systemlayer/pgfsys.sty (/usr/local/shar
e/texmf/tex/generic/pgf/systemlayer/pgfsys.code.tex
Package: pgfsys 2020/12/27 v3.1.8b (3.1.8b)
(/usr/local/share/texmf/tex/generic/pgf/utilities/pgfkeys.code.tex
\pgfkeys@pathtoks=\toks31
\pgfkeys@temptoks=\toks32
(/usr/local/share/texmf/tex/generic/pgf/utilities/pgfkeysfiltered.code.tex
\pgfkeys@tmptoks=\toks33
))
\pgf@x=\dimen160
\pgf@y=\dimen161
\pgf@xa=\dimen162
\pgf@ya=\dimen163
\pgf@xb=\dimen164
\pgf@yb=\dimen165
\pgf@xc=\dimen166
\pgf@yc=\dimen167
\pgf@xd=\dimen168
\pgf@yd=\dimen169
\w@pgf@writea=\write3
\r@pgf@reada=\read2
\c@pgf@counta=\count267
\c@pgf@countb=\count268
\c@pgf@countc=\count269
\c@pgf@countd=\count270
\t@pgf@toka=\toks34
\t@pgf@tokb=\toks35
\t@pgf@tokc=\toks36
\pgf@sys@id@count=\count271
(/usr/local/share/texmf/tex/generic/pgf/systemlayer/pgf.cfg
File: pgf.cfg 2020/12/27 v3.1.8b (3.1.8b)
)
Driver file for pgf: pgfsys-pdftex.def
(/usr/local/share/texmf/tex/generic/pgf/systemlayer/pgfsys-pdftex.def
File: pgfsys-pdftex.def 2020/12/27 v3.1.8b (3.1.8b)
(/usr/local/share/texmf/tex/generic/pgf/systemlayer/pgfsys-common-pdf.def
File: pgfsys-common-pdf.def 2020/12/27 v3.1.8b (3.1.8b)
))) (/usr/local/share/texmf/tex/generic/pgf/systemlayer/pgfsyssoftpath.code.tex
File: pgfsyssoftpath.code.tex 2020/12/27 v3.1.8b (3.1.8b)
\pgfsyssoftpath@smallbuffer@items=\count272
\pgfsyssoftpath@bigbuffer@items=\count273
) (/usr/local/share/texmf/tex/generic/pgf/systemlayer/pgfsysprotocol.code.tex
File: pgfsysprotocol.code.tex 2020/12/27 v3.1.8b (3.1.8b)
)) (/usr/share/texmf-dist/tex/latex/xcolor/xcolor.sty
Package: xcolor 2016/05/11 v2.12 LaTeX color extensions (UK)
(/usr/share/texmf-dist/tex/latex/graphics-cfg/color.cfg
File: color.cfg 2016/01/02 v1.6 sample color configuration
)
Package xcolor Info: Driver file: pdftex.def on input line 225.
Package xcolor Info: Model `cmy' substituted by `cmy0' on input line 1348.
Package xcolor Info: Model `hsb' substituted by `rgb' on input line 1352.
Package xcolor Info: Model `RGB' extended on input line 1364.
Package xcolor Info: Model `HTML' substituted by `rgb' on input line 1366.
Package xcolor Info: Model `Hsb' substituted by `hsb' on input line 1367.
Package xcolor Info: Model `tHsb' substituted by `hsb' on input line 1368.
Package xcolor Info: Model `HSB' substituted by `hsb' on input line 1369.
Package xcolor Info: Model `Gray' substituted by `gray' on input line 1370.
Package xcolor Info: Model `wave' substituted by `hsb' on input line 1371.
) (/usr/local/share/texmf/tex/generic/pgf/basiclayer/pgfcore.code.tex
Package: pgfcore 2020/12/27 v3.1.8b (3.1.8b)
(/usr/local/share/texmf/tex/generic/pgf/math/pgfmath.code.tex (/usr/local/share
/texmf/tex/generic/pgf/math/pgfmathcalc.code.tex (/usr/local/share/texmf/tex/ge
neric/pgf/math/pgfmathutil.code.tex) (/usr/local/share/texmf/tex/generic/pgf/ma
th/pgfmathparser.code.tex
\pgfmath@dimen=\dimen170
\pgfmath@count=\count274
\pgfmath@box=\box50
\pgfmath@toks=\toks37
\pgfmath@stack@operand=\toks38
\pgfmath@stack@operation=\toks39
) (/usr/local/share/texmf/tex/generic/pgf/math/pgfmathfunctions.code.tex (/usr/
local/share/texmf/tex/generic/pgf/math/pgfmathfunctions.basic.code.tex)
(/usr/local/share/texmf/tex/generic/pgf/math/pgfmathfunctions.trigonometric.cod
e.tex) (/usr/local/share/texmf/tex/generic/pgf/math/pgfmathfunctions.random.cod
e.tex)
(/usr/local/share/texmf/tex/generic/pgf/math/pgfmathfunctions.comparison.code.t
ex) (/usr/local/share/texmf/tex/generic/pgf/math/pgfmathfunctions.base.code.tex
) (/usr/local/share/texmf/tex/generic/pgf/math/pgfmathfunctions.round.code.tex)
(/usr/local/share/texmf/tex/generic/pgf/math/pgfmathfunctions.misc.code.tex)
(/usr/local/share/texmf/tex/generic/pgf/math/pgfmathfunctions.integerarithmetic
s.code.tex))) (/usr/local/share/texmf/tex/generic/pgf/math/pgfmathfloat.code.te
x
\c@pgfmathroundto@lastzeros=\count275
)) (/usr/local/share/texmf/tex/generic/pgf/math/pgfint.code.tex) (/usr/local/sh
are/texmf/tex/generic/pgf/basiclayer/pgfcorepoints.code.tex
File: pgfcorepoints.code.tex 2020/12/27 v3.1.8b (3.1.8b)
\pgf@picminx=\dimen171
\pgf@picmaxx=\dimen172
\pgf@picminy=\dimen173
\pgf@picmaxy=\dimen174
\pgf@pathminx=\dimen175
\pgf@pathmaxx=\dimen176
\pgf@pathminy=\dimen177
\pgf@pathmaxy=\dimen178
\pgf@xx=\dimen179
\pgf@xy=\dimen180
\pgf@yx=\dimen181
\pgf@yy=\dimen182
\pgf@zx=\dimen183
\pgf@zy=\dimen184
)
(/usr/local/share/texmf/tex/generic/pgf/basiclayer/pgfcorepathconstruct.code.te
x
File: pgfcorepathconstruct.code.tex 2020/12/27 v3.1.8b (3.1.8b)
\pgf@path@lastx=\dimen185
\pgf@path@lasty=\dimen186
) (/usr/local/share/texmf/tex/generic/pgf/basiclayer/pgfcorepathusage.code.tex
File: pgfcorepathusage.code.tex 2020/12/27 v3.1.8b (3.1.8b)
\pgf@shorten@end@additional=\dimen187
\pgf@shorten@start@additional=\dimen188
) (/usr/local/share/texmf/tex/generic/pgf/basiclayer/pgfcorescopes.code.tex
File: pgfcorescopes.code.tex 2020/12/27 v3.1.8b (3.1.8b)
\pgfpic=\box51
\pgf@hbox=\box52
\pgf@layerbox@main=\box53
\pgf@picture@serial@count=\count276
)
(/usr/local/share/texmf/tex/generic/pgf/basiclayer/pgfcoregraphicstate.code.tex
File: pgfcoregraphicstate.code.tex 2020/12/27 v3.1.8b (3.1.8b)
\pgflinewidth=\dimen189
)
(/usr/local/share/texmf/tex/generic/pgf/basiclayer/pgfcoretransformations.code.
tex
File: pgfcoretransformations.code.tex 2020/12/27 v3.1.8b (3.1.8b)
\pgf@pt@x=\dimen190
\pgf@pt@y=\dimen191
\pgf@pt@temp=\dimen192
) (/usr/local/share/texmf/tex/generic/pgf/basiclayer/pgfcorequick.code.tex
File: pgfcorequick.code.tex 2020/12/27 v3.1.8b (3.1.8b)
) (/usr/local/share/texmf/tex/generic/pgf/basiclayer/pgfcoreobjects.code.tex
File: pgfcoreobjects.code.tex 2020/12/27 v3.1.8b (3.1.8b)
)
(/usr/local/share/texmf/tex/generic/pgf/basiclayer/pgfcorepathprocessing.code.t
ex
File: pgfcorepathprocessing.code.tex 2020/12/27 v3.1.8b (3.1.8b)
) (/usr/local/share/texmf/tex/generic/pgf/basiclayer/pgfcorearrows.code.tex
File: pgfcorearrows.code.tex 2020/12/27 v3.1.8b (3.1.8b)
\pgfarrowsep=\dimen193
) (/usr/local/share/texmf/tex/generic/pgf/basiclayer/pgfcoreshade.code.tex
File: pgfcoreshade.code.tex 2020/12/27 v3.1.8b (3.1.8b)
\pgf@max=\dimen194
\pgf@sys@shading@range@num=\count277
\pgf@shadingcount=\count278
) (/usr/local/share/texmf/tex/generic/pgf/basiclayer/pgfcoreimage.code.tex
File: pgfcoreimage.code.tex 2020/12/27 v3.1.8b (3.1.8b)
(/usr/local/share/texmf/tex/generic/pgf/basiclayer/pgfcoreexternal.code.tex
File: pgfcoreexternal.code.tex 2020/12/27 v3.1.8b (3.1.8b)
\pgfexternal@startupbox=\box54
)) (/usr/local/share/texmf/tex/generic/pgf/basiclayer/pgfcorelayers.code.tex
File: pgfcorelayers.code.tex 2020/12/27 v3.1.8b (3.1.8b)
)
(/usr/local/share/texmf/tex/generic/pgf/basiclayer/pgfcoretransparency.code.tex
File: pgfcoretransparency.code.tex 2020/12/27 v3.1.8b (3.1.8b)
) (/usr/local/share/texmf/tex/generic/pgf/basiclayer/pgfcorepatterns.code.tex
File: pgfcorepatterns.code.tex 2020/12/27 v3.1.8b (3.1.8b)
) (/usr/local/share/texmf/tex/generic/pgf/basiclayer/pgfcorerdf.code.tex
File: pgfcorerdf.code.tex 2020/12/27 v3.1.8b (3.1.8b)
))) (/usr/local/share/texmf/tex/generic/pgf/modules/pgfmoduleshapes.code.tex
File: pgfmoduleshapes.code.tex 2020/12/27 v3.1.8b (3.1.8b)
\pgfnodeparttextbox=\box55
) (/usr/local/share/texmf/tex/generic/pgf/modules/pgfmoduleplot.code.tex
File: pgfmoduleplot.code.tex 2020/12/27 v3.1.8b (3.1.8b)
) (/usr/local/share/texmf/tex/latex/pgf/compatibility/pgfcomp-version-0-65.sty
Package: pgfcomp-version-0-65 2020/12/27 v3.1.8b (3.1.8b)
\pgf@nodesepstart=\dimen195
\pgf@nodesepend=\dimen196
) (/usr/local/share/texmf/tex/latex/pgf/compatibility/pgfcomp-version-1-18.sty
Package: pgfcomp-version-1-18 2020/12/27 v3.1.8b (3.1.8b)
)) (/usr/share/texmf-dist/tex/latex/float/float.sty
Package: float 2001/11/08 v1.3d Float enhancements (AL)
\c@float@type=\count279
\float@exts=\toks40
\float@box=\box56
\@float@everytoks=\toks41
\@floatcapt=\box57
) (/usr/share/texmf-dist/tex/latex/booktabs/booktabs.sty
Package: booktabs 2020/01/12 v1.61803398 Publication quality tables
\heavyrulewidth=\dimen197
\lightrulewidth=\dimen198
\cmidrulewidth=\dimen199
\belowrulesep=\dimen256
\belowbottomsep=\dimen257
\aboverulesep=\dimen258
\abovetopsep=\dimen259
\cmidrulesep=\dimen260
\cmidrulekern=\dimen261
\defaultaddspace=\dimen262
\@cmidla=\count280
\@cmidlb=\count281
\@aboverulesep=\dimen263
\@belowrulesep=\dimen264
\@thisruleclass=\count282
\@lastruleclass=\count283
\@thisrulewidth=\dimen265
) (/usr/share/texmf-dist/tex/latex/tools/indentfirst.sty
Package: indentfirst 1995/11/23 v1.03 Indent first paragraph (DPC)
) (/usr/share/texmf-dist/tex/latex/graphics/rotating.sty
Package: rotating 2016/08/11 v2.16d rotated objects in LaTeX
(/usr/share/texmf-dist/tex/latex/base/ifthen.sty
Package: ifthen 2014/09/29 v1.1c Standard LaTeX ifthen package (DPC)
)
\c@r@tfl@t=\count284
\rotFPtop=\skip55
\rotFPbot=\skip56
\rot@float@box=\box58
\rot@mess@toks=\toks42
) (/usr/share/texmf-dist/tex/latex/braket/braket.sty) (/usr/share/texmf-dist/te
x/latex/algorithm2e/algorithm2e.sty
Package: algorithm2e 2017/07/18 v5.2 algorithms environments
\c@AlgoLine=\count285
\algocf@hangindent=\skip57
(/usr/share/texmf-dist/tex/latex/ifoddpage/ifoddpage.sty
Package: ifoddpage 2016/04/23 v1.1 Conditionals for odd/even page detection
\c@checkoddpage=\count286
) (/usr/share/texmf-dist/tex/latex/tools/xspace.sty
Package: xspace 2014/10/28 v1.13 Space after command names (DPC,MH)
) (/usr/share/texmf-dist/tex/latex/relsize/relsize.sty
Package: relsize 2013/03/29 ver 4.1
)
\skiptotal=\skip58
\skiplinenumber=\skip59
\skiprule=\skip60
\skiphlne=\skip61
\skiptext=\skip62
\skiplength=\skip63
\algomargin=\skip64
\skipalgocfslide=\skip65
\algowidth=\dimen266
\inoutsize=\dimen267
\inoutindent=\dimen268
\interspacetitleruled=\dimen269
\interspacealgoruled=\dimen270
\interspacetitleboxruled=\dimen271
\algocf@ruledwidth=\skip66
\algocf@inoutbox=\box59
\algocf@inputbox=\box60
\AlCapSkip=\skip67
\AlCapHSkip=\skip68
\algoskipindent=\skip69
\algocf@nlbox=\box61
\algocf@hangingbox=\box62
\algocf@untilbox=\box63
\algocf@skipuntil=\skip70
\algocf@capbox=\box64
\algocf@lcaptionbox=\skip71
\algoheightruledefault=\skip72
\algoheightrule=\skip73
\algotitleheightruledefault=\skip74
\algotitleheightrule=\skip75
\c@algocfline=\count287
\c@algocfproc=\count288
\c@algocf=\count289
\algocf@algoframe=\box65
\algocf@algobox=\box66
) (/usr/share/texmf-dist/tex/latex/multirow/multirow.sty
Package: multirow 2019/05/31 v2.5 Span multiple rows of a table
\multirow@colwidth=\skip76
\multirow@cntb=\count290
\multirow@dima=\skip77
\bigstrutjot=\dimen272
) (/usr/share/texmf-dist/tex/latex/fancyhdr/fancyhdr.sty
Package: fancyhdr 2019/01/31 v3.10 Extensive control of page headers and footer
s
\f@nch@headwidth=\skip78
\f@nch@O@elh=\skip79
\f@nch@O@erh=\skip80
\f@nch@O@olh=\skip81
\f@nch@O@orh=\skip82
\f@nch@O@elf=\skip83
\f@nch@O@erf=\skip84
\f@nch@O@olf=\skip85
\f@nch@O@orf=\skip86
) (/usr/share/texmf-dist/tex/latex/base/makeidx.sty
Package: makeidx 2014/09/29 v1.0m Standard LaTeX package
) (/usr/share/texmf-dist/tex/latex/setspace/setspace.sty
Package: setspace 2011/12/19 v6.7a set line spacing
) (/usr/share/texmf-dist/tex/latex/hyperref/hyperref.sty
Package: hyperref 2020-05-15 v7.00e Hypertext links for LaTeX
(/usr/share/texmf-dist/tex/generic/ltxcmds/ltxcmds.sty
Package: ltxcmds 2020-05-10 v1.25 LaTeX kernel commands for general use (HO)
) (/usr/share/texmf-dist/tex/generic/pdftexcmds/pdftexcmds.sty
Package: pdftexcmds 2020-06-27 v0.33 Utility functions of pdfTeX for LuaTeX (HO
)
(/usr/share/texmf-dist/tex/generic/infwarerr/infwarerr.sty
Package: infwarerr 2019/12/03 v1.5 Providing info/warning/error messages (HO)
)
Package pdftexcmds Info: \pdf@primitive is available.
Package pdftexcmds Info: \pdf@ifprimitive is available.
Package pdftexcmds Info: \pdfdraftmode found.
) (/usr/share/texmf-dist/tex/generic/kvsetkeys/kvsetkeys.sty
Package: kvsetkeys 2019/12/15 v1.18 Key value parser (HO)
) (/usr/share/texmf-dist/tex/generic/kvdefinekeys/kvdefinekeys.sty
Package: kvdefinekeys 2019-12-19 v1.6 Define keys (HO)
) (/usr/share/texmf-dist/tex/generic/pdfescape/pdfescape.sty
Package: pdfescape 2019/12/09 v1.15 Implements pdfTeX's escape features (HO)
) (/usr/share/texmf-dist/tex/latex/hycolor/hycolor.sty
Package: hycolor 2020-01-27 v1.10 Color options for hyperref/bookmark (HO)
) (/usr/share/texmf-dist/tex/latex/letltxmacro/letltxmacro.sty
Package: letltxmacro 2019/12/03 v1.6 Let assignment for LaTeX macros (HO)
) (/usr/share/texmf-dist/tex/latex/auxhook/auxhook.sty
Package: auxhook 2019-12-17 v1.6 Hooks for auxiliary files (HO)
) (/usr/share/texmf-dist/tex/latex/kvoptions/kvoptions.sty
Package: kvoptions 2020-10-07 v3.14 Key value format for package options (HO)
)
\@linkdim=\dimen273
\Hy@linkcounter=\count291
\Hy@pagecounter=\count292
(/usr/share/texmf-dist/tex/latex/hyperref/pd1enc.def
File: pd1enc.def 2020-05-15 v7.00e Hyperref: PDFDocEncoding definition (HO)
Now handling font encoding PD1 ...
... no UTF-8 mapping file for font encoding PD1
) (/usr/share/texmf-dist/tex/generic/intcalc/intcalc.sty
Package: intcalc 2019/12/15 v1.3 Expandable calculations with integers (HO)
) (/usr/share/texmf-dist/tex/generic/etexcmds/etexcmds.sty
Package: etexcmds 2019/12/15 v1.7 Avoid name clashes with e-TeX commands (HO)
)
\Hy@SavedSpaceFactor=\count293
Package hyperref Info: Option `final' set `true' on input line 4338.
Package hyperref Info: Option `colorlinks' set `true' on input line 4338.
Package hyperref Info: Hyper figures OFF on input line 4464.
Package hyperref Info: Link nesting OFF on input line 4469.
Package hyperref Info: Hyper index ON on input line 4472.
Package hyperref Info: Plain pages OFF on input line 4479.
Package hyperref Info: Backreferencing OFF on input line 4484.
Package hyperref Info: Implicit mode ON; LaTeX internals redefined.
Package hyperref Info: Bookmarks ON on input line 4717.
\c@Hy@tempcnt=\count294
(/usr/share/texmf-dist/tex/latex/url/url.sty
\Urlmuskip=\muskip17
Package: url 2013/09/16  ver 3.4  Verb mode for urls, etc.
)
LaTeX Info: Redefining \url on input line 5076.
\XeTeXLinkMargin=\dimen274
(/usr/share/texmf-dist/tex/generic/bitset/bitset.sty
Package: bitset 2019/12/09 v1.3 Handle bit-vector datatype (HO)
(/usr/share/texmf-dist/tex/generic/bigintcalc/bigintcalc.sty
Package: bigintcalc 2019/12/15 v1.5 Expandable calculations on big integers (HO
)
))
\Fld@menulength=\count295
\Field@Width=\dimen275
\Fld@charsize=\dimen276
Package hyperref Info: Hyper figures OFF on input line 6347.
Package hyperref Info: Link nesting OFF on input line 6352.
Package hyperref Info: Hyper index ON on input line 6355.
Package hyperref Info: backreferencing OFF on input line 6362.
Package hyperref Info: Link coloring ON on input line 6365.
Package hyperref Info: Link coloring with OCG OFF on input line 6372.
Package hyperref Info: PDF/A mode OFF on input line 6377.
LaTeX Info: Redefining \ref on input line 6417.
LaTeX Info: Redefining \pageref on input line 6421.
(/usr/share/texmf-dist/tex/latex/base/atbegshi-ltx.sty
Package: atbegshi-ltx 2020/08/17 v1.0a Emulation of the original atbegshi packa
ge
with kernel methods
)
\Hy@abspage=\count296
\c@Item=\count297
\c@Hfootnote=\count298
)
Package hyperref Info: Driver (autodetected): hpdftex.
(/usr/share/texmf-dist/tex/latex/hyperref/hpdftex.def
File: hpdftex.def 2020-05-15 v7.00e Hyperref driver for pdfTeX
(/usr/share/texmf-dist/tex/latex/base/atveryend-ltx.sty
Package: atveryend-ltx 2020/08/19 v1.0a Emulation of the original atvery packag
e
with kernel methods
)
\Fld@listcount=\count299
\c@bookmark@seq@number=\count300
(/usr/share/texmf-dist/tex/latex/rerunfilecheck/rerunfilecheck.sty
Package: rerunfilecheck 2019/12/05 v1.9 Rerun checks for auxiliary files (HO)
(/usr/share/texmf-dist/tex/generic/uniquecounter/uniquecounter.sty
Package: uniquecounter 2019/12/15 v1.4 Provide unlimited unique counter (HO)
)
Package uniquecounter Info: New unique counter `rerunfilecheck' on input line 2
86.
)
\Hy@SectionHShift=\skip87
) (/usr/share/texmf-dist/tex/latex/mathtools/mathtools.sty
Package: mathtools 2020/03/24 v1.24 mathematical typesetting tools
(/usr/share/texmf-dist/tex/latex/tools/calc.sty
Package: calc 2017/05/25 v4.3 Infix arithmetic (KKT,FJ)
\calc@Acount=\count301
\calc@Bcount=\count302
\calc@Adimen=\dimen277
\calc@Bdimen=\dimen278
\calc@Askip=\skip88
\calc@Bskip=\skip89
LaTeX Info: Redefining \setlength on input line 80.
LaTeX Info: Redefining \addtolength on input line 81.
\calc@Ccount=\count303
\calc@Cskip=\skip90
) (/usr/share/texmf-dist/tex/latex/mathtools/mhsetup.sty
Package: mhsetup 2017/03/31 v1.3 programming setup (MH)
)
LaTeX Info: Thecontrolsequence`\('isalreadyrobust on input line 130.
LaTeX Info: Thecontrolsequence`\)'isalreadyrobust on input line 130.
LaTeX Info: Thecontrolsequence`\['isalreadyrobust on input line 130.
LaTeX Info: Thecontrolsequence`\]'isalreadyrobust on input line 130.
\g_MT_multlinerow_int=\count304
\l_MT_multwidth_dim=\dimen279
\origjot=\skip91
\l_MT_shortvdotswithinadjustabove_dim=\dimen280
\l_MT_shortvdotswithinadjustbelow_dim=\dimen281
\l_MT_above_intertext_sep=\dimen282
\l_MT_below_intertext_sep=\dimen283
\l_MT_above_shortintertext_sep=\dimen284
\l_MT_below_shortintertext_sep=\dimen285
\xmathstrut@box=\box67
\xmathstrut@dim=\dimen286
) (/usr/share/texmf-dist/tex/latex/ae/ae.sty
Package: ae 2001/02/12 1.3 Almost European Computer Modern
(/usr/share/texmf-dist/tex/latex/base/fontenc.sty
Package: fontenc 2020/08/10 v2.0s Standard LaTeX package
)) (/usr/share/texmf-dist/tex/latex/placeins/placeins.sty
Package: placeins 2005/04/18  v 2.2
) (/usr/share/texmf-dist/tex/latex/base/flafter.sty
Package: flafter 2018/11/28 v1.4d Standard LaTeX floats after reference (FMi)
Applying: [2015/01/01] float order in 2-column on input line 49.
Already applied: [0000/00/00] float order in 2-column on input line 151.
) (/usr/share/texmf-dist/tex/latex/pxfonts/pxfonts.sty
Package: pxfonts 2008/01/22 v1.1.1
LaTeX Font Info:    Redeclaring symbol font `operators' on input line 21.
LaTeX Font Info:    Overwriting symbol font `operators' in version `normal'
(Font)                  OT1/cmr/m/n --> OT1/pxr/m/n on input line 21.
LaTeX Font Info:    Overwriting symbol font `operators' in version `bold'
(Font)                  OT1/cmr/bx/n --> OT1/pxr/m/n on input line 21.
LaTeX Font Info:    Overwriting symbol font `operators' in version `bold'
(Font)                  OT1/pxr/m/n --> OT1/pxr/bx/n on input line 22.
\symitalic=\mathgroup10
LaTeX Font Info:    Overwriting symbol font `italic' in version `bold'
(Font)                  OT1/pxr/m/it --> OT1/pxr/bx/it on input line 26.
LaTeX Font Info:    Redeclaring math alphabet \mathbf on input line 29.
LaTeX Font Info:    Redeclaring math alphabet \mathit on input line 30.
LaTeX Font Info:    Overwriting math alphabet `\mathit' in version `normal'
(Font)                  OT1/cmr/m/it --> OT1/pxr/m/it on input line 30.
LaTeX Font Info:    Overwriting math alphabet `\mathit' in version `bold'
(Font)                  OT1/cmr/bx/it --> OT1/pxr/m/it on input line 30.
LaTeX Font Info:    Overwriting math alphabet `\mathit' in version `bold'
(Font)                  OT1/pxr/m/it --> OT1/pxr/bx/it on input line 31.
LaTeX Font Info:    Redeclaring math alphabet \mathsf on input line 40.
LaTeX Font Info:    Overwriting math alphabet `\mathsf' in version `normal'
(Font)                  OT1/cmss/m/n --> OT1/pxss/m/n on input line 40.
LaTeX Font Info:    Overwriting math alphabet `\mathsf' in version `bold'
(Font)                  OT1/cmss/bx/n --> OT1/pxss/m/n on input line 40.
LaTeX Font Info:    Overwriting math alphabet `\mathsf' in version `bold'
(Font)                  OT1/pxss/m/n --> OT1/pxss/b/n on input line 41.
LaTeX Font Info:    Redeclaring math alphabet \mathtt on input line 50.
LaTeX Font Info:    Overwriting math alphabet `\mathtt' in version `normal'
(Font)                  OT1/cmtt/m/n --> OT1/pxtt/m/n on input line 50.
LaTeX Font Info:    Overwriting math alphabet `\mathtt' in version `bold'
(Font)                  OT1/cmtt/m/n --> OT1/pxtt/m/n on input line 50.
LaTeX Font Info:    Overwriting math alphabet `\mathtt' in version `bold'
(Font)                  OT1/pxtt/m/n --> OT1/pxtt/b/n on input line 51.
LaTeX Font Info:    Redeclaring symbol font `letters' on input line 58.
LaTeX Font Info:    Overwriting symbol font `letters' in version `normal'
(Font)                  OML/cmm/m/it --> OML/pxmi/m/it on input line 58.
LaTeX Font Info:    Overwriting symbol font `letters' in version `bold'
(Font)                  OML/cmm/b/it --> OML/pxmi/m/it on input line 58.
LaTeX Font Info:    Overwriting symbol font `letters' in version `bold'
(Font)                  OML/pxmi/m/it --> OML/pxmi/bx/it on input line 59.
\symlettersA=\mathgroup11
LaTeX Font Info:    Overwriting symbol font `lettersA' in version `bold'
(Font)                  U/pxmia/m/it --> U/pxmia/bx/it on input line 67.
LaTeX Font Info:    Redeclaring math alphabet \mathfrak on input line 70.
LaTeX Font Info:    Redeclaring symbol font `symbols' on input line 77.
LaTeX Font Info:    Overwriting symbol font `symbols' in version `normal'
(Font)                  OMS/cmsy/m/n --> OMS/pxsy/m/n on input line 77.
LaTeX Font Info:    Overwriting symbol font `symbols' in version `bold'
(Font)                  OMS/cmsy/b/n --> OMS/pxsy/m/n on input line 77.
LaTeX Font Info:    Overwriting symbol font `symbols' in version `bold'
(Font)                  OMS/pxsy/m/n --> OMS/pxsy/bx/n on input line 78.
LaTeX Font Info:    Redeclaring symbol font `AMSa' on input line 93.
LaTeX Font Info:    Overwriting symbol font `AMSa' in version `normal'
(Font)                  U/msa/m/n --> U/pxsya/m/n on input line 93.
LaTeX Font Info:    Overwriting symbol font `AMSa' in version `bold'
(Font)                  U/msa/m/n --> U/pxsya/m/n on input line 93.
LaTeX Font Info:    Overwriting symbol font `AMSa' in version `bold'
(Font)                  U/pxsya/m/n --> U/pxsya/bx/n on input line 94.
LaTeX Font Info:    Redeclaring symbol font `AMSb' on input line 102.
LaTeX Font Info:    Overwriting symbol font `AMSb' in version `normal'
(Font)                  U/msb/m/n --> U/pxsyb/m/n on input line 102.
LaTeX Font Info:    Overwriting symbol font `AMSb' in version `bold'
(Font)                  U/msb/m/n --> U/pxsyb/m/n on input line 102.
LaTeX Font Info:    Overwriting symbol font `AMSb' in version `bold'
(Font)                  U/pxsyb/m/n --> U/pxsyb/bx/n on input line 103.
\symsymbolsC=\mathgroup12
LaTeX Font Info:    Overwriting symbol font `symbolsC' in version `bold'
(Font)                  U/pxsyc/m/n --> U/pxsyc/bx/n on input line 113.
LaTeX Font Info:    Redeclaring symbol font `largesymbols' on input line 120.
LaTeX Font Info:    Overwriting symbol font `largesymbols' in version `normal'
(Font)                  OMX/cmex/m/n --> OMX/pxex/m/n on input line 120.
LaTeX Font Info:    Overwriting symbol font `largesymbols' in version `bold'
(Font)                  OMX/cmex/m/n --> OMX/pxex/m/n on input line 120.
LaTeX Font Info:    Overwriting symbol font `largesymbols' in version `bold'
(Font)                  OMX/pxex/m/n --> OMX/pxex/bx/n on input line 121.
\symlargesymbolsA=\mathgroup13
LaTeX Font Info:    Overwriting symbol font `largesymbolsA' in version `bold'
(Font)                  U/pxexa/m/n --> U/pxexa/bx/n on input line 129.
LaTeX Font Info:    Redeclaring math symbol \mathsterling on input line 164.
LaTeX Info: Redefining \not on input line 997.
LaTeX Info: Redefining \textsquare on input line 1017.
LaTeX Info: Redefining \openbox on input line 1018.
) (/usr/share/texmf-dist/tex/latex/appendix/appendix.sty
Package: appendix 2020/02/08 v1.2c extra appendix facilities
\c@@pps=\count305
\c@@ppsavesec=\count306
\c@@ppsaveapp=\count307
) (/usr/share/texmf-dist/tex/latex/listings/listings.sty
\lst@mode=\count308
\lst@gtempboxa=\box68
\lst@token=\toks43
\lst@length=\count309
\lst@currlwidth=\dimen287
\lst@column=\count310
\lst@pos=\count311
\lst@lostspace=\dimen288
\lst@width=\dimen289
\lst@newlines=\count312
\lst@lineno=\count313
\lst@maxwidth=\dimen290
(/usr/share/texmf-dist/tex/latex/listings/lstmisc.sty
File: lstmisc.sty 2020/03/24 1.8d (Carsten Heinz)
\c@lstnumber=\count314
\lst@skipnumbers=\count315
\lst@framebox=\box69
) (/usr/share/texmf-dist/tex/latex/listings/listings.cfg
File: listings.cfg 2020/03/24 1.8d listings configuration
))
Package: listings 2020/03/24 1.8d (Carsten Heinz)
(/usr/share/texmf-dist/tex/latex/footmisc/footmisc.sty
Package: footmisc 2011/06/06 v5.5b a miscellany of footnote facilities
\FN@temptoken=\toks44
\footnotemargin=\dimen291
\c@pp@next@reset=\count316
Package footmisc Info: Declaring symbol style bringhurst on input line 855.
Package footmisc Info: Declaring symbol style chicago on input line 863.
Package footmisc Info: Declaring symbol style wiley on input line 872.
Package footmisc Info: Declaring symbol style lamport-robust on input line 883.

Package footmisc Info: Declaring symbol style lamport* on input line 903.
Package footmisc Info: Declaring symbol style lamport*-robust on input line 924
.
) (/usr/local/share/texmf/tex/latex/pgf/frontendlayer/tikz.sty (/usr/local/shar
e/texmf/tex/latex/pgf/utilities/pgffor.sty (/usr/local/share/texmf/tex/latex/pg
f/utilities/pgfkeys.sty (/usr/local/share/texmf/tex/generic/pgf/utilities/pgfke
ys.code.tex)) (/usr/local/share/texmf/tex/latex/pgf/math/pgfmath.sty (/usr/loca
l/share/texmf/tex/generic/pgf/math/pgfmath.code.tex)) (/usr/local/share/texmf/t
ex/generic/pgf/utilities/pgffor.code.tex
Package: pgffor 2020/12/27 v3.1.8b (3.1.8b)
(/usr/local/share/texmf/tex/generic/pgf/math/pgfmath.code.tex)
\pgffor@iter=\dimen292
\pgffor@skip=\dimen293
\pgffor@stack=\toks45
\pgffor@toks=\toks46
)) (/usr/local/share/texmf/tex/generic/pgf/frontendlayer/tikz/tikz.code.tex
Package: tikz 2020/12/27 v3.1.8b (3.1.8b)

(/usr/local/share/texmf/tex/generic/pgf/libraries/pgflibraryplothandlers.code.t
ex
File: pgflibraryplothandlers.code.tex 2020/12/27 v3.1.8b (3.1.8b)
\pgf@plot@mark@count=\count317
\pgfplotmarksize=\dimen294
)
\tikz@lastx=\dimen295
\tikz@lasty=\dimen296
\tikz@lastxsaved=\dimen297
\tikz@lastysaved=\dimen298
\tikz@lastmovetox=\dimen299
\tikz@lastmovetoy=\dimen300
\tikzleveldistance=\dimen301
\tikzsiblingdistance=\dimen302
\tikz@figbox=\box70
\tikz@figbox@bg=\box71
\tikz@tempbox=\box72
\tikz@tempbox@bg=\box73
\tikztreelevel=\count318
\tikznumberofchildren=\count319
\tikznumberofcurrentchild=\count320
\tikz@fig@count=\count321
(/usr/local/share/texmf/tex/generic/pgf/modules/pgfmodulematrix.code.tex
File: pgfmodulematrix.code.tex 2020/12/27 v3.1.8b (3.1.8b)
\pgfmatrixcurrentrow=\count322
\pgfmatrixcurrentcolumn=\count323
\pgf@matrix@numberofcolumns=\count324
)
\tikz@expandcount=\count325

(/usr/local/share/texmf/tex/generic/pgf/frontendlayer/tikz/libraries/tikzlibrar
ytopaths.code.tex
File: tikzlibrarytopaths.code.tex 2020/12/27 v3.1.8b (3.1.8b)
)))
(/usr/local/share/texmf/tex/generic/pgf/frontendlayer/tikz/libraries/tikzlibrar
yshapes.code.tex
File: tikzlibraryshapes.code.tex 2020/12/27 v3.1.8b (3.1.8b)

(/usr/local/share/texmf/tex/generic/pgf/frontendlayer/tikz/libraries/tikzlibrar
yshapes.geometric.code.tex
File: tikzlibraryshapes.geometric.code.tex 2020/12/27 v3.1.8b (3.1.8b)

(/usr/local/share/texmf/tex/generic/pgf/libraries/shapes/pgflibraryshapes.geome
tric.code.tex
File: pgflibraryshapes.geometric.code.tex 2020/12/27 v3.1.8b (3.1.8b)
))
(/usr/local/share/texmf/tex/generic/pgf/frontendlayer/tikz/libraries/tikzlibrar
yshapes.misc.code.tex
File: tikzlibraryshapes.misc.code.tex 2020/12/27 v3.1.8b (3.1.8b)

(/usr/local/share/texmf/tex/generic/pgf/libraries/shapes/pgflibraryshapes.misc.
code.tex
File: pgflibraryshapes.misc.code.tex 2020/12/27 v3.1.8b (3.1.8b)
))
(/usr/local/share/texmf/tex/generic/pgf/frontendlayer/tikz/libraries/tikzlibrar
yshapes.symbols.code.tex
File: tikzlibraryshapes.symbols.code.tex 2020/12/27 v3.1.8b (3.1.8b)

(/usr/local/share/texmf/tex/generic/pgf/libraries/shapes/pgflibraryshapes.symbo
ls.code.tex
File: pgflibraryshapes.symbols.code.tex 2020/12/27 v3.1.8b (3.1.8b)
))
(/usr/local/share/texmf/tex/generic/pgf/frontendlayer/tikz/libraries/tikzlibrar
yshapes.arrows.code.tex
File: tikzlibraryshapes.arrows.code.tex 2020/12/27 v3.1.8b (3.1.8b)

(/usr/local/share/texmf/tex/generic/pgf/libraries/shapes/pgflibraryshapes.arrow
s.code.tex
File: pgflibraryshapes.arrows.code.tex 2020/12/27 v3.1.8b (3.1.8b)
))
(/usr/local/share/texmf/tex/generic/pgf/frontendlayer/tikz/libraries/tikzlibrar
yshapes.callouts.code.tex
(/usr/local/share/texmf/tex/generic/pgf/libraries/shapes/pgflibraryshapes.callo
uts.code.tex))
(/usr/local/share/texmf/tex/generic/pgf/frontendlayer/tikz/libraries/tikzlibrar
yshapes.multipart.code.tex
File: tikzlibraryshapes.multipart.code.tex 2020/12/27 v3.1.8b (3.1.8b)

(/usr/local/share/texmf/tex/generic/pgf/libraries/shapes/pgflibraryshapes.multi
part.code.tex
File: pgflibraryshapes.multipart.code.tex 2020/12/27 v3.1.8b (3.1.8b)
\pgfnodepartlowerbox=\box74
\pgfnodeparttwobox=\box75
\pgfnodepartthreebox=\box76
\pgfnodepartfourbox=\box77
\pgfnodeparttwentybox=\box78
\pgfnodepartnineteenbox=\box79
\pgfnodeparteighteenbox=\box80
\pgfnodepartseventeenbox=\box81
\pgfnodepartsixteenbox=\box82
\pgfnodepartfifteenbox=\box83
\pgfnodepartfourteenbox=\box84
\pgfnodepartthirteenbox=\box85
\pgfnodeparttwelvebox=\box86
\pgfnodepartelevenbox=\box87
\pgfnodeparttenbox=\box88
\pgfnodepartninebox=\box89
\pgfnodeparteightbox=\box90
\pgfnodepartsevenbox=\box91
\pgfnodepartsixbox=\box92
\pgfnodepartfivebox=\box93
)))
(/usr/local/share/texmf/tex/generic/pgf/frontendlayer/tikz/libraries/tikzlibrar
yarrows.code.tex
File: tikzlibraryarrows.code.tex 2020/12/27 v3.1.8b (3.1.8b)
(/usr/local/share/texmf/tex/generic/pgf/libraries/pgflibraryarrows.code.tex
File: pgflibraryarrows.code.tex 2020/12/27 v3.1.8b (3.1.8b)
\arrowsize=\dimen303
))
(/usr/local/share/texmf/tex/generic/pgf/frontendlayer/tikz/libraries/tikzlibrar
ycalc.code.tex
File: tikzlibrarycalc.code.tex 2020/12/27 v3.1.8b (3.1.8b)
)
(/usr/local/share/texmf/tex/generic/pgf/frontendlayer/tikz/libraries/tikzlibrar
yautomata.code.tex
File: tikzlibraryautomata.code.tex 2020/12/27 v3.1.8b (3.1.8b)
)
(/usr/local/share/texmf/tex/generic/pgf/frontendlayer/tikz/libraries/tikzlibrar
ypositioning.code.tex
File: tikzlibrarypositioning.code.tex 2020/12/27 v3.1.8b (3.1.8b)
)
(/usr/local/share/texmf/tex/generic/pgf/frontendlayer/tikz/libraries/tikzlibrar
yplotmarks.code.tex
File: tikzlibraryplotmarks.code.tex 2020/12/27 v3.1.8b (3.1.8b)
(/usr/local/share/texmf/tex/generic/pgf/libraries/pgflibraryplotmarks.code.tex
File: pgflibraryplotmarks.code.tex 2020/12/27 v3.1.8b (3.1.8b)
))
(/usr/local/share/texmf/tex/generic/pgf/libraries/pgflibraryarrows.meta.code.te
x
File: pgflibraryarrows.meta.code.tex 2020/12/27 v3.1.8b (3.1.8b)
\pgfarrowinset=\dimen304
\pgfarrowlength=\dimen305
\pgfarrowwidth=\dimen306
\pgfarrowlinewidth=\dimen307
)
(/usr/local/share/texmf/tex/latex/pgf/frontendlayer/libraries/tikzlibraryextern
al.code.tex
(/usr/local/share/texmf/tex/generic/pgf/frontendlayer/tikz/libraries/tikzextern
alshared.code.tex))
No auxiliary output files.

\w@pgfexternal@auxout=\write4
Package TikZ externalization: calling \geometry{driver=none} during externaliza
tion.

(/usr/local/share/texmf/tex/latex/pgfplots/pgfplots.sty (/usr/local/share/texmf
/tex/generic/pgfplots/pgfplots.revision.tex)
Package: pgfplots 2020/02/29 v1.17 Data Visualization (1.17)
(/usr/local/share/texmf/tex/generic/pgfplots/pgfplots.code.tex (/usr/local/shar
e/texmf/tex/generic/pgfplots/pgfplotscore.code.tex
\t@pgfplots@toka=\toks47
\t@pgfplots@tokb=\toks48
\t@pgfplots@tokc=\toks49
\pgfplots@tmpa=\dimen308
\c@pgfplots@coordindex=\count326
\c@pgfplots@scanlineindex=\count327
(/usr/local/share/texmf/tex/generic/pgfplots/sys/pgfplotssysgeneric.code.tex)) 
(/usr/local/share/texmf/tex/generic/pgfplots/libs/pgfplotslibrary.code.tex)
(/usr/local/share/texmf/tex/generic/pgfplots/oldpgfcompatib/pgfplotsoldpgfsupp_
loader.code.tex (/usr/local/share/texmf/tex/generic/pgf/libraries/pgflibraryfpu
.code.tex)) (/usr/local/share/texmf/tex/generic/pgfplots/util/pgfplotsutil.code
.tex
(/usr/local/share/texmf/tex/generic/pgfplots/liststructure/pgfplotsliststructur
e.code.tex)
(/usr/local/share/texmf/tex/generic/pgfplots/liststructure/pgfplotsliststructur
eext.code.tex)
(/usr/local/share/texmf/tex/generic/pgfplots/liststructure/pgfplotsarray.code.t
ex
\c@pgfplotsarray@tmp=\count328
)
(/usr/local/share/texmf/tex/generic/pgfplots/liststructure/pgfplotsmatrix.code.
tex)
(/usr/local/share/texmf/tex/generic/pgfplots/numtable/pgfplotstableshared.code.
tex
\c@pgfplotstable@counta=\count329
\t@pgfplotstable@a=\toks50
)
(/usr/local/share/texmf/tex/generic/pgfplots/liststructure/pgfplotsdeque.code.t
ex) (/usr/local/share/texmf/tex/generic/pgfplots/util/pgfplotsbinary.code.tex (
/usr/local/share/texmf/tex/generic/pgfplots/util/pgfplotsbinary.data.code.tex))
(/usr/local/share/texmf/tex/generic/pgfplots/util/pgfplotsutil.verb.code.tex)
(/usr/local/share/texmf/tex/generic/pgfplots/libs/pgflibrarypgfplots.surfshadin
g.code.tex
\c@pgfplotslibrarysurf@no=\count330

(/usr/local/share/texmf/tex/generic/pgfplots/sys/pgflibrarypgfplots.surfshading
.pgfsys-pdftex.def))) (/usr/local/share/texmf/tex/generic/pgfplots/util/pgfplot
scolormap.code.tex (/usr/local/share/texmf/tex/generic/pgfplots/util/pgfplotsco
lor.code.tex)) (/usr/local/share/texmf/tex/generic/pgfplots/pgfplotsstackedplot
s.code.tex) (/usr/local/share/texmf/tex/generic/pgfplots/pgfplotsplothandlers.c
ode.tex (/usr/local/share/texmf/tex/generic/pgfplots/pgfplotsmeshplothandler.co
de.tex (/usr/local/share/texmf/tex/generic/pgfplots/pgfplotsmeshplotimage.code.
tex))) (/usr/local/share/texmf/tex/generic/pgfplots/pgfplots.scaling.code.tex) 
(/usr/local/share/texmf/tex/generic/pgfplots/pgfplotscoordprocessing.code.tex) 
(/usr/local/share/texmf/tex/generic/pgfplots/pgfplots.errorbars.code.tex) (/usr
/local/share/texmf/tex/generic/pgfplots/pgfplots.markers.code.tex) (/usr/local/
share/texmf/tex/generic/pgfplots/pgfplotsticks.code.tex) (/usr/local/share/texm
f/tex/generic/pgfplots/pgfplots.paths.code.tex)
(/usr/local/share/texmf/tex/generic/pgf/frontendlayer/tikz/libraries/tikzlibrar
ydecorations.code.tex (/usr/local/share/texmf/tex/generic/pgf/modules/pgfmodule
decorations.code.tex
\pgfdecoratedcompleteddistance=\dimen309
\pgfdecoratedremainingdistance=\dimen310
\pgfdecoratedinputsegmentcompleteddistance=\dimen311
\pgfdecoratedinputsegmentremainingdistance=\dimen312
\pgf@decorate@distancetomove=\dimen313
\pgf@decorate@repeatstate=\count331
\pgfdecorationsegmentamplitude=\dimen314
\pgfdecorationsegmentlength=\dimen315
)
\tikz@lib@dec@box=\box94
)
(/usr/local/share/texmf/tex/generic/pgf/frontendlayer/tikz/libraries/tikzlibrar
ydecorations.pathmorphing.code.tex
(/usr/local/share/texmf/tex/generic/pgf/libraries/decorations/pgflibrarydecorat
ions.pathmorphing.code.tex))
(/usr/local/share/texmf/tex/generic/pgf/frontendlayer/tikz/libraries/tikzlibrar
ydecorations.pathreplacing.code.tex
(/usr/local/share/texmf/tex/generic/pgf/libraries/decorations/pgflibrarydecorat
ions.pathreplacing.code.tex))
\pgfplots@numplots=\count332
\pgfplots@xmin@reg=\dimen316
\pgfplots@xmax@reg=\dimen317
\pgfplots@ymin@reg=\dimen318
\pgfplots@ymax@reg=\dimen319
\pgfplots@zmin@reg=\dimen320
\pgfplots@zmax@reg=\dimen321
))
(/usr/local/share/texmf/tex/generic/pgfplots/libs/tikzlibrarypgfplots.patchplot
s.code.tex)
(/usr/local/share/texmf/tex/generic/pgfplots/libs/tikzlibrarypgfplots.external.
code.tex) (/usr/share/texmf-dist/tex/generic/soul/soul.sty
Package: soul 2003/11/17 v2.4 letterspacing/underlining (mf)
\SOUL@word=\toks51
\SOUL@lasttoken=\toks52
\SOUL@cmds=\toks53
\SOUL@buffer=\toks54
\SOUL@token=\toks55
\SOUL@spaceskip=\skip92
\SOUL@ttwidth=\dimen322
\SOUL@uldp=\dimen323
\SOUL@ulht=\dimen324
) (/usr/share/texmf-dist/tex/latex/natbib/natbib.sty
Package: natbib 2010/09/13 8.31b (PWD, AO)
\bibhang=\skip93
\bibsep=\skip94
LaTeX Info: Redefining \cite on input line 694.
\c@NAT@ctr=\count333
) (/usr/share/texmf-dist/tex/latex/subfig/subfig.sty
Package: subfig 2005/06/28 ver: 1.3 subfig package
(/usr/share/texmf-dist/tex/latex/caption/caption.sty
Package: caption 2020/10/26 v3.5g Customizing captions (AR)
(/usr/share/texmf-dist/tex/latex/caption/caption3.sty
Package: caption3 2020/10/21 v2.2e caption3 kernel (AR)
\captionmargin=\dimen325
\captionmargin@=\dimen326
\captionwidth=\dimen327
\caption@tempdima=\dimen328
\caption@indent=\dimen329
\caption@parindent=\dimen330
\caption@hangindent=\dimen331
Package caption Info: Standard document class detected.
)
\c@caption@flags=\count334
\c@continuedfloat=\count335
Package caption Info: float package is loaded.
Package caption Info: hyperref package is loaded.
Package caption Info: listings package is loaded.
Package caption Info: rotating package is loaded.
)
\c@KVtest=\count336
\sf@farskip=\skip95
\sf@captopadj=\dimen332
\sf@capskip=\skip96
\sf@nearskip=\skip97
\c@subfigure=\count337
\c@subfigure@save=\count338
\c@lofdepth=\count339
\c@subtable=\count340
\c@subtable@save=\count341
\c@lotdepth=\count342
\sf@top=\skip98
\sf@bottom=\skip99
) (/usr/share/texmf-dist/tex/latex/grffile/grffile.sty
Package: grffile 2019/11/11 v2.1 Extended file name support for graphics (legac
y)
Package grffile Info: This package is an empty stub for compatibility on input 
line 40.
) (/usr/share/texmf-dist/tex/latex/todonotes/todonotes.sty
Package: todonotes 2020/08/18 v1.1.3 Todonotes source and documentation.
Package: todonotes 2018/11/22
(/usr/share/texmf-dist/tex/latex/xkeyval/xkeyval.sty
Package: xkeyval 2020/11/20 v2.8 package option processing (HA)
(/usr/share/texmf-dist/tex/generic/xkeyval/xkeyval.tex (/usr/share/texmf-dist/t
ex/generic/xkeyval/xkvutils.tex
\XKV@toks=\toks56
\XKV@tempa@toks=\toks57
)
\XKV@depth=\count343
File: xkeyval.tex 2014/12/03 v2.7a key=value parser (HA)
))
(/usr/local/share/texmf/tex/generic/pgf/frontendlayer/tikz/libraries/tikzlibrar
yshadows.code.tex
File: tikzlibraryshadows.code.tex 2020/12/27 v3.1.8b (3.1.8b)

(/usr/local/share/texmf/tex/generic/pgf/frontendlayer/tikz/libraries/tikzlibrar
yfadings.code.tex
File: tikzlibraryfadings.code.tex 2020/12/27 v3.1.8b (3.1.8b)
(/usr/local/share/texmf/tex/generic/pgf/libraries/pgflibraryfadings.code.tex
File: pgflibraryfadings.code.tex 2020/12/27 v3.1.8b (3.1.8b)
)))
\c@@todonotes@numberoftodonotes=\count344
)
\c@theorem=\count345
\c@corollary=\count346
\c@teo=\count347
\c@nota=\count348
(./novoscomandos.tex
\c@thm=\count349
\c@defn=\count350
\c@assum=\count351
\c@conj=\count352
\c@exmp=\count353
\c@todoListItems=\count354
)
LaTeX Font Info:    Trying to load font information for T1+pxr on input line 22
9.
(/usr/share/texmf-dist/tex/latex/pxfonts/t1pxr.fd
File: t1pxr.fd 2000/12/14 v1.0
) (/usr/share/texmf-dist/tex/latex/l3backend/l3backend-pdftex.def
File: l3backend-pdftex.def 2020-09-24 L3 backend support: PDF output (pdfTeX)
\l__kernel_color_stack_int=\count355
\l__pdf_internal_box=\box95
)
No file tikz/Qualificacao-figure4.aux.
LaTeX Font Info:    Checking defaults for OML/pxmi/m/it on input line 229.
LaTeX Font Info:    Trying to load font information for OML+pxmi on input line 
229.
(/usr/share/texmf-dist/tex/latex/pxfonts/omlpxmi.fd
File: omlpxmi.fd 2000/12/14 v1.0
)
LaTeX Font Info:    ... okay on input line 229.
LaTeX Font Info:    Checking defaults for OMS/pxsy/m/n on input line 229.
LaTeX Font Info:    Trying to load font information for OMS+pxsy on input line 
229.
(/usr/share/texmf-dist/tex/latex/pxfonts/omspxsy.fd
File: omspxsy.fd 2000/12/14 v1.0
)
LaTeX Font Info:    ... okay on input line 229.
LaTeX Font Info:    Checking defaults for OT1/cmr/m/n on input line 229.
LaTeX Font Info:    ... okay on input line 229.
LaTeX Font Info:    Checking defaults for T1/cmr/m/n on input line 229.
LaTeX Font Info:    ... okay on input line 229.
LaTeX Font Info:    Checking defaults for TS1/cmr/m/n on input line 229.
LaTeX Font Info:    ... okay on input line 229.
LaTeX Font Info:    Checking defaults for OMX/pxex/m/n on input line 229.
LaTeX Font Info:    Trying to load font information for OMX+pxex on input line 
229.
(/usr/share/texmf-dist/tex/latex/pxfonts/omxpxex.fd
File: omxpxex.fd 2000/12/14 v1.0
)
LaTeX Font Info:    ... okay on input line 229.
LaTeX Font Info:    Checking defaults for U/pxexa/m/n on input line 229.
LaTeX Font Info:    Trying to load font information for U+pxexa on input line 2
29.
(/usr/share/texmf-dist/tex/latex/pxfonts/upxexa.fd
File: upxexa.fd 2000/12/14 v1.0
)
LaTeX Font Info:    ... okay on input line 229.
LaTeX Font Info:    Checking defaults for PD1/pdf/m/n on input line 229.
LaTeX Font Info:    ... okay on input line 229.
*geometry* detected driver: <none>
*geometry* verbose mode - [ preamble ] result:
* driver: \Gm@driver 
* paper: a4paper
* layout: <same size as paper>
* layoutoffset:(h,v)=(0.0pt,0.0pt)
* modes: twoside 
* h-part:(L,W,R)=(42.67912pt, 455.24411pt, 99.58464pt)
* v-part:(T,H,B)=(113.81102pt, 660.10394pt, 71.13188pt)
* \paperwidth=597.50787pt
* \paperheight=845.04684pt
* \textwidth=455.24411pt
* \textheight=660.10394pt
* \oddsidemargin=-29.59087pt
* \evensidemargin=27.31465pt
* \topmargin=9.66724pt
* \headheight=14.7pt
* \headsep=19.8738pt
* \topskip=12.0pt
* \footskip=30.0pt
* \marginparwidth=88.0pt
* \marginparsep=7.0pt
* \columnsep=10.0pt
* \skip\footins=10.8pt plus 4.0pt minus 2.0pt
* \hoffset=0.0pt
* \voffset=0.0pt
* \mag=1000
* \@twocolumnfalse
* \@twosidetrue
* \@mparswitchtrue
* \@reversemarginfalse
* (1in=72.27pt=25.4mm, 1cm=28.453pt)

(/usr/share/texmf-dist/tex/context/base/mkii/supp-pdf.mkii
[Loading MPS to PDF converter (version 2006.09.02).]
\scratchcounter=\count356
\scratchdimen=\dimen333
\scratchbox=\box96
\nofMPsegments=\count357
\nofMParguments=\count358
\everyMPshowfont=\toks58
\MPscratchCnt=\count359
\MPscratchDim=\dimen334
\MPnumerator=\count360
\makeMPintoPDFobject=\count361
\everyMPtoPDFconversion=\toks59
) (/usr/share/texmf-dist/tex/latex/epstopdf-pkg/epstopdf-base.sty
Package: epstopdf-base 2020-01-24 v2.11 Base part for package epstopdf
Package epstopdf-base Info: Redefining graphics rule for `.eps' on input line 4
85.
(/usr/share/texmf-dist/tex/latex/latexconfig/epstopdf-sys.cfg
File: epstopdf-sys.cfg 2010/07/13 v1.3 Configuration of (r)epstopdf for TeX Liv
e
))
Package hyperref Info: Link coloring ON on input line 229.
(/usr/share/texmf-dist/tex/latex/hyperref/nameref.sty
Package: nameref 2019/09/16 v2.46 Cross-referencing by name of section
(/usr/share/texmf-dist/tex/latex/refcount/refcount.sty
Package: refcount 2019/12/15 v3.6 Data extraction from label references (HO)
) (/usr/share/texmf-dist/tex/generic/gettitlestring/gettitlestring.sty
Package: gettitlestring 2019/12/15 v1.6 Cleanup title references (HO)
)
\c@section@level=\count362
)
LaTeX Info: Redefining \ref on input line 229.
LaTeX Info: Redefining \pageref on input line 229.
LaTeX Info: Redefining \nameref on input line 229.
\c@lstlisting=\count363
Package pgfplots notification 'compat/show suggested version=true': document ha
s been generated with the most recent feature set (\pgfplotsset{compat=1.17}).

Package caption Info: Begin \AtBeginDocument code.
Package caption Info: subfig package v1.3 is loaded.
Package caption Info: End \AtBeginDocument code.
(./docs/chapter3.tex
Chapter 1.
LaTeX Font Info:    Font shape `T1/pxr/b/n' in size <12> not available
(Font)              Font shape `T1/pxr/bx/n' tried instead on input line 8.
LaTeX Font Info:    Font shape `T1/pxr/b/n' in size <24.88> not available
(Font)              Font shape `T1/pxr/bx/n' tried instead on input line 8.

Package natbib Warning: Citation `campi2002' on page 1 undefined on input line 
13.


LaTeX Warning: Reference `eq:uknl_par' on page 1 undefined on input line 15.

LaTeX Font Info:    Trying to load font information for OT1+pxr on input line 1
5.
(/usr/share/texmf-dist/tex/latex/pxfonts/ot1pxr.fd
File: ot1pxr.fd 2000/12/14 v1.0
)
LaTeX Font Info:    Trying to load font information for U+pxsya on input line 1
5.
(/usr/share/texmf-dist/tex/latex/pxfonts/upxsya.fd
File: upxsya.fd 2000/12/14 v1.0
)
LaTeX Font Info:    Trying to load font information for U+pxsyb on input line 1
5.
(/usr/share/texmf-dist/tex/latex/pxfonts/upxsyb.fd
File: utxsyb.fd 2000/12/14 v1.0
)
LaTeX Font Info:    Trying to load font information for U+rsfs on input line 15
.
(/usr/share/texmf-dist/tex/latex/jknapltx/ursfs.fd
File: ursfs.fd 1998/03/24 rsfs font definition file (jk)
)
LaTeX Font Info:    Trying to load font information for U+pxmia on input line 1
5.
(/usr/share/texmf-dist/tex/latex/pxfonts/upxmia.fd
File: upxmia.fd 2000/12/14 v1.0
)
LaTeX Font Info:    Trying to load font information for U+pxsyc on input line 1
5.
(/usr/share/texmf-dist/tex/latex/pxfonts/upxsyc.fd
File: upxsyc.fd 2000/12/14 v1.0
)

LaTeX Warning: Reference `eq:Mmap' on page 1 undefined on input line 15.


LaTeX Warning: Reference `eq:Jy' on page 1 undefined on input line 16.


LaTeX Warning: Reference `eq:Jy' on page 1 undefined on input line 24.


Package natbib Warning: Citation `campi2002' on page 1 undefined on input line 
24.


Package natbib Warning: Citation `campi2006' on page 1 undefined on input line 
24.


LaTeX Warning: Reference `eq:Jy' on page 1 undefined on input line 30.


LaTeX Warning: Reference `eq:Jvr' on page 1 undefined on input line 34.


Underfull \vbox (badness 10000) has occurred while \output is active []


LaTeX Warning: Reference `eq:Mmap' on page 2 undefined on input line 39.


LaTeX Warning: Reference `eq:Mq' on page 2 undefined on input line 39.


LaTeX Warning: Reference `eq:ev' on page 2 undefined on input line 45.


LaTeX Warning: Reference `eq:refvirt' on page 2 undefined on input line 45.


LaTeX Warning: Reference `fig:Figs-diagrama_VRFT-eps' on page 2 undefined on in
put line 47.

A tikzpicture has been optimized away. Use '/tikz/external/optimize=false' to d
isable this.
A tikzpicture has been optimized away. Use '/tikz/external/optimize=false' to d
isable this.
A tikzpicture has been optimized away. Use '/tikz/external/optimize=false' to d
isable this.
The command '\includegraphics []{Figs/diagrama_VRFT_maps.eps}' has been optimiz
ed away. Use '/tikz/external/optimize=false' to disable this.

Underfull \hbox (badness 4954) in paragraph at lines 54--54
[]\T1/pxr/m/n/12 Figure 1.1: |Ex-per-i-ment to ob-tain the data used to iden-ti
fy the con-
 []


Underfull \hbox (badness 4279) in paragraph at lines 54--54
\T1/pxr/m/n/12 troller pa-ram-e-ters by the VRFT method: real data in \T1/pxr/m
/it/12 black solid lines
 []


Underfull \hbox (badness 10000) in paragraph at lines 54--54
\T1/pxr/m/n/12 ([]),
 []


Overfull \hbox (132.24936pt too wide) in paragraph at lines 54--54
\T1/pxr/m/n/12 vir-tual data in \T1/pxr/m/it/12 blue dashed lines \T1/pxr/m/n/1
2 ([])
 []


Underfull \hbox (badness 10000) in paragraph at lines 54--54
\T1/pxr/m/n/12 and the cotroller to tune, in \T1/pxr/m/it/12 red dashed block
 []


LaTeX Warning: Reference `fig:Figs-diagrama_VRFT-eps' on page 2 undefined on in
put line 59.

LaTeX Font Info:    Font shape `T1/pxr/b/n' in size <17.28> not available
(Font)              Font shape `T1/pxr/bx/n' tried instead on input line 63.

LaTeX Warning: Reference `sec:TheProcess' on page 2 undefined on input line 67.



LaTeX Warning: Reference `ass:psuave' on page 2 undefined on input line 67.


LaTeX Warning: Reference `ass:invert' on page 2 undefined on input line 67.


LaTeX Warning: Reference `sec:ideal_controller' on page 2 undefined on input li
ne 71.


LaTeX Warning: Reference `fig:diagrama_MF' on page 3 undefined on input line 91
.

LaTeX Font Info:    Trying to load font information for TS1+pxr on input line 9
4.
(/usr/share/texmf-dist/tex/latex/pxfonts/ts1pxr.fd
File: ts1pxr.fd 2000/12/14 v1.0
)

LaTeX Warning: Reference `eq:uknl_par' on page 3 undefined on input line 101.


LaTeX Warning: Reference `ass:LPC' on page 3 undefined on input line 104.


LaTeX Warning: Reference `sec:parest' on page 3 undefined on input line 104.


LaTeX Warning: Reference `ass:asympCount' on page 3 undefined on input line 104
.


LaTeX Warning: Reference `sec:parest' on page 3 undefined on input line 109.


LaTeX Warning: Reference `eq:yMatrix' on page 3 undefined on input line 109.


Package natbib Warning: Citation `bazanella2012' on page 3 undefined on input l
ine 111.


Package natbib Warning: Citation `bazanella2012' on page 3 undefined on input l
ine 115.


Package natbib Warning: Citation `campi2002' on page 4 undefined on input line 
143.


Package natbib Warning: Citation `campi2006' on page 4 undefined on input line 
143.


Package natbib Warning: Citation `campi2006' on page 4 undefined on input line 
147.

LaTeX Font Info:    Trying to load font information for T1+pxtt on input line 1
62.
(/usr/share/texmf-dist/tex/latex/pxfonts/t1pxtt.fd
File: t1pxtt.fd 2000/12/14 v1.0
)

LaTeX Warning: Reference `ass:invert' on page 4 undefined on input line 165.


LaTeX Warning: Reference `eq:yteta_ytilde' on page 4 undefined on input line 17
1.


LaTeX Warning: Reference `eq:Cteta' on page 4 undefined on input line 176.


LaTeX Warning: Reference `fig:JVR_JRM_plot' on page 5 undefined on input line 1
85.

A tikzpicture has been optimized away. Use '/tikz/external/optimize=false' to d
isable this.
[5

\providecommand \oddpage@label [2]{}
Non-PDF special ignored!
<special> !userdict begin /bop-hook{gsave 20 710 translate 45 rotate 0.8 0....
]
The command '\includegraphics []{Figs/JVR_JRM_plot.eps}' has been optimized awa
y. Use '/tikz/external/optimize=false' to disable this.

Underfull \hbox (badness 10000) in paragraph at lines 190--190
[]\T1/pxr/m/n/12 Figure 1.2: |Typ-i-cal cost func-tions for $\OML/pxmi/m/it/12 
J[]\OT1/pxr/m/n/12 (\OML/cmm/b/it/12 ^^R\OT1/pxr/m/n/12 )$
 []


Overfull \hbox (57.35878pt too wide) in paragraph at lines 190--190
\OML/pxmi/m/it/12 J[]\OT1/pxr/m/n/12 (\OML/cmm/b/it/12 ^^R\OT1/pxr/m/n/12 )$ \T
1/pxr/m/n/12 ([]).| 
 []


LaTeX Warning: Reference `thr:theoremVRFT' on page 5 undefined on input line 19
4.


LaTeX Warning: Reference `ass:machedControl' on page 5 undefined on input line 
194.


LaTeX Warning: Reference `ass:machedControl' on page 5 undefined on input line 
194.


LaTeX Warning: Reference `sec:filtro_caso_no_linear' on page 5 undefined on i
nput line 195.


LaTeX Warning: Reference `sec:vrft_Init_Cons' on page 5 undefined on input line
 201.


LaTeX Warning: Reference `fig:Figs-diagrama_VRFT-eps' on page 5 undefined on in
put line 201.


LaTeX Warning: Reference `eq:JVR_reg' on page 5 undefined on input line 201.


LaTeX Warning: Reference `eq:VRFT_LS' on page 5 undefined on input line 206.


LaTeX Warning: Reference `eq:LS' on page 5 undefined on input line 206.


LaTeX Warning: Reference `eq:LS' on page 5 undefined on input line 208.


LaTeX Warning: Reference `ass:noiseFree' on page 5 undefined on input line 210.



Package natbib Warning: Citation `aguirre2015' on page 5 undefined on input lin
e 210.


Package natbib Warning: Citation `young1970' on page 5 undefined on input line 
211.


Package natbib Warning: Citation `ljung1999' on page 6 undefined on input line 
213.


Package natbib Warning: Citation `aguirre2015' on page 6 undefined on input lin
e 213.


Package natbib Warning: Citation `retesNARMAXModelIdentification2019' on page 6
 undefined on input line 213.


LaTeX Warning: Reference `cap:Concl' on page 6 undefined on input line 213.


LaTeX Warning: Reference `sec:the_ideal_control_design_problem' on page 6 undef
ined on input line 218.


LaTeX Warning: Reference `ass:machedControl' on page 6 undefined on input line 
218.


LaTeX Warning: Reference `thr:theoremVRFT' on page 6 undefined on input line 21
8.


Package natbib Warning: Citation `campi2006' on page 6 undefined on input line 
220.


Package natbib Warning: Citation `campi2006' on page 7 undefined on input line 
253.


LaTeX Warning: Reference `sec:prova_da_escolha_do_filtro_vrft' on page 7 undefi
ned on input line 253.


Package natbib Warning: Citation `campi2006' on page 7 undefined on input line 
260.


LaTeX Warning: Reference `eq:condToF' on page 7 undefined on input line 266.


LaTeX Warning: Reference `thm:filtro_VRFT_nl' on page 7 undefined on input line
 269.


LaTeX Warning: Reference `sec:prova_da_escolha_do_filtro_vrft' on page 7 undefi
ned on input line 269.


LaTeX Warning: Reference `cap:AppA' on page 7 undefined on input line 269.


LaTeX Warning: Reference `eq:FilterVRFTNL' on page 7 undefined on input line 27
1.


Package natbib Warning: Citation `campi2006' on page 7 undefined on input line 
272.


Underfull \vbox (badness 1231) has occurred while \output is active []


LaTeX Warning: Reference `eq:OLSFiltered' on page 8 undefined on input line 296
.


Package natbib Warning: Citation `wei2008' on page 8 undefined on input line 30
6.


LaTeX Warning: Reference `eq:sys_ex_1' on page 8 undefined on input line 321.


LaTeX Warning: Reference `fig:u_y_til_VRFT' on page 8 undefined on input line 3
21.

(./Matlab/figs/exp31_train_data4.tex
A tikzpicture has been optimized away. Use '/tikz/external/optimize=false' to d
isable this.
)

LaTeX Warning: Reference `eq:sys_ex_1' on page 8 undefined on input line 339.


LaTeX Warning: Reference `eq:sys_ex_1' on page 9 undefined on input line 344.


LaTeX Warning: Reference `eq:Mz' on page 9 undefined on input line 346.


LaTeX Warning: Reference `eq:refvirt' on page 9 undefined on input line 346.


LaTeX Warning: Reference `eq:ex31rk' on page 9 undefined on input line 351.


LaTeX Warning: Reference `eq:ex31rk' on page 9 undefined on input line 353.


LaTeX Warning: Reference `eq:ev' on page 9 undefined on input line 355.


LaTeX Warning: Reference `fig:u_y_til_VRFT' on page 9 undefined on input line 3
60.


LaTeX Warning: Reference `eq:Cdz' on page 9 undefined on input line 362.


LaTeX Warning: Reference `eq:Mz' on page 9 undefined on input line 362.


LaTeX Warning: Reference `eq:ex31.Pz' on page 9 undefined on input line 362.


LaTeX Warning: Reference `eq:Mz' on page 9 undefined on input line 374.


LaTeX Warning: Reference `eq:sys_ex_1' on page 9 undefined on input line 374.


LaTeX Warning: Reference `eq:exp31_uk' on page 10 undefined on input line 380.


LaTeX Warning: Reference `fig:exp31_time_resp' on page 11 undefined on input li
ne 435.

A tikzpicture has been optimized away. Use '/tikz/external/optimize=false' to d
isable this.
A tikzpicture has been optimized away. Use '/tikz/external/optimize=false' to d
isable this.
A tikzpicture has been optimized away. Use '/tikz/external/optimize=false' to d
isable this.
A tikzpicture has been optimized away. Use '/tikz/external/optimize=false' to d
isable this.
A tikzpicture has been optimized away. Use '/tikz/external/optimize=false' to d
isable this.
(./Matlab/figs/exp31_time_response.tex
A tikzpicture has been optimized away. Use '/tikz/external/optimize=false' to d
isable this.
)
Underfull \hbox (badness 10000) in paragraph at lines 443--443
[]\T1/pxr/m/n/12 Figure 1.4: |Closed-loop sys-tem re-sponse to a square ref-er-
ence sig-
 []


Underfull \hbox (badness 10000) in paragraph at lines 443--443
\T1/pxr/m/n/12 nal (up-per graph) and ab-so-lute er-ror (lower graph) for: case
 A
 []


Underfull \hbox (badness 10000) in paragraph at lines 443--443
\T1/pxr/m/n/12 ([]);
 []


Overfull \hbox (12.59836pt too wide) in paragraph at lines 443--443
\T1/pxr/m/n/12 case B ([]);
 []


Overfull \hbox (13.77432pt too wide) in paragraph at lines 443--443
\T1/pxr/m/n/12 case C ([]);
 []


Overfull \hbox (36.67027pt too wide) in paragraph at lines 443--443
\T1/pxr/m/n/12 and case D ([]).
 []


Underfull \hbox (badness 10000) in paragraph at lines 443--443
\T1/pxr/m/n/12 The re-sponse of the ref-er-ence model is rep-re-sented by
 []


Underfull \hbox (badness 10000) in paragraph at lines 443--443
\T1/pxr/m/n/12 ([])
 []


LaTeX Warning: Reference `fig:exp31_time_resp' on page 11 undefined on input li
ne 458.


Package natbib Warning: Citation `draper1998' on page 11 undefined on input lin
e 460.


LaTeX Warning: Reference `fig:exp31_time_resp' on page 11 undefined on input li
ne 460.


Package natbib Warning: Citation `draper1998' on page 12 undefined on input lin
e 463.


LaTeX Warning: Reference `fig:exp31_time_resp' on page 12 undefined on input li
ne 470.

LaTeX Font Info:    Font shape `T1/pxr/b/n' in size <14.4> not available
(Font)              Font shape `T1/pxr/bx/n' tried instead on input line 474.

LaTeX Warning: Reference `exm:31' on page 12 undefined on input line 477.


LaTeX Warning: Reference `cap:CCS' on page 12 undefined on input line 480.


LaTeX Warning: Reference `exm:31' on page 12 undefined on input line 483.


LaTeX Warning: Reference `cap:CCS' on page 12 undefined on input line 486.

) (./docs/chapter5.tex
Chapter 2.

Package natbib Warning: Citation `pearson1999' on page 15 undefined on input li
ne 25.


Package natbib Warning: Citation `martins2013' on page 15 undefined on input li
ne 25.


LaTeX Warning: Reference `cap:cap2' on page 15 undefined on input line 35.


Package natbib Warning: Citation `baldacchino2012' on page 15 undefined on inpu
t line 35.


Package natbib Warning: Citation `baldacchino2013' on page 15 undefined on inpu
t line 35.


Package natbib Warning: Citation `falsone2014' on page 15 undefined on input li
ne 35.


Package natbib Warning: Citation `falsone2015' on page 15 undefined on input li
ne 35.


Package natbib Warning: Citation `retesNARMAXModelIdentification2019' on page 1
5 undefined on input line 43.


LaTeX Warning: Reference `exm:31' on page 16 undefined on input line 72.


LaTeX Warning: Reference `cap:VRFT' on page 16 undefined on input line 78.


LaTeX Warning: Reference `exm:31' on page 16 undefined on input line 83.


LaTeX Warning: Reference `exm:31' on page 17 undefined on input line 88.


LaTeX Warning: Reference `eq:exp31_uk' on page 17 undefined on input line 89.


LaTeX Warning: Reference `eq:exp31_ideal_parameters' on page 17 undefined on in
put line 94.


LaTeX Warning: Reference `sec:ramss' on page 17 undefined on input line 99.


LaTeX Warning: Reference `tab:exp51_param' on page 17 undefined on input line 1
04.


LaTeX Warning: Reference `ex:sis2aord' on page 17 undefined on input line 108.


LaTeX Warning: Reference `ex:sis2aord' on page 17 undefined on input line 108.


LaTeX Warning: Reference `fig:exp51_ripevol1' on page 17 undefined on input lin
e 126.

The command '\includegraphics []{Figs/sis2aord_l_ramss_RIPs.eps}' has been opti
mized away. Use '/tikz/external/optimize=false' to disable this.
The command '\includegraphics []{Figs/sis2aord_nl_ramss_RIPs.eps}' has been opt
imized away. Use '/tikz/external/optimize=false' to disable this.

LaTeX Warning: Reference `fig:Figs-RespostaSist2aordNARX-png' on page 18 undefi
ned on input line 151.

The command '\includegraphics [width=1\textwidth ]{Figs/sis2aord2-cropped.pdf}'
 has been optimized away. Use '/tikz/external/optimize=false' to disable this.

LaTeX Warning: Reference `eq:mr_sis2aord' on page 18 undefined on input line 15
5.


LaTeX Warning: Reference `eq:mr_sis2aord' on page 18 undefined on input line 15
5.

The command '\includegraphics []{./Figs/s.motorcc.VRFT.racss_train_val_data.eps
}' has been optimized away. Use '/tikz/external/optimize=false' to disable this
.
The command '\includegraphics []{./Figs/s.motorcc.VRFT.racss_RIPs.eps}' has bee
n optimized away. Use '/tikz/external/optimize=false' to disable this.
The command '\includegraphics []{Figs/s.heater.var.dissip.VRFT_teste.eps}' has 
been optimized away. Use '/tikz/external/optimize=false' to disable this.
The command '\includegraphics []{./Figs/s.motorcc.VRFT.racss_output.mf.eps}' ha
s been optimized away. Use '/tikz/external/optimize=false' to disable this.

LaTeX Warning: Reference `ex:varHeater' on page 19 undefined on input line 219.



LaTeX Warning: Reference `sec:ramss' on page 19 undefined on input line 219.

(./Figs/cap5_Conv_veloc.tex
A tikzpicture has been optimized away. Use '/tikz/external/optimize=false' to d
isable this.
))
No file tikz/Qualificacao-figure4.bbl.
(./appendix.tex
Appendix A.

LaTeX Warning: Reference `thr:teoremaVRF1' on page 21 undefined on input line 6
.


LaTeX Warning: Reference `eq:JVR_reg' on page 21 undefined on input line 9.


Package natbib Warning: Citation `ljung1999' on page 21 undefined on input line
 24.


LaTeX Warning: Reference `eq:JVRlin' on page 21 undefined on input line 24.


Underfull \vbox (badness 10000) has occurred while \output is active []


LaTeX Warning: Reference `def:SRq' on page 22 undefined on input line 43.


LaTeX Warning: Reference `def:PoE' on page 22 undefined on input line 43.


Package natbib Warning: Citation `bazanella2012' on page 22 undefined on input 
line 43.


LaTeX Warning: Reference `thm:filtro_VRFT_nl' on page 22 undefined on input lin
e 46.


LaTeX Warning: Reference `eq:uTil' on page 22 undefined on input line 66.


LaTeX Warning: Reference `eq:yqp' on page 22 undefined on input line 70.


LaTeX Warning: Reference `eq:yqp' on page 22 undefined on input line 71.


LaTeX Warning: Reference `eq:uTil' on page 22 undefined on input line 76.


Underfull \vbox (badness 10000) has occurred while \output is active []


LaTeX Warning: Reference `eq:partg' on page 23 undefined on input line 97.


LaTeX Warning: Reference `eq:x' on page 23 undefined on input line 99.


LaTeX Warning: Reference `eq:w' on page 23 undefined on input line 99.


LaTeX Warning: Reference `eq:JVR' on page 23 undefined on input line 99.


LaTeX Warning: Reference `eq:Jy' on page 23 undefined on input line 99.


LaTeX Warning: Reference `eq:x' on page 23 undefined on input line 109.


LaTeX Warning: Reference `eq:uTil' on page 23 undefined on input line 109.


LaTeX Warning: Reference `eq:w' on page 23 undefined on input line 124.


LaTeX Warning: Reference `eq:yqp' on page 23 undefined on input line 124.


Underfull \vbox (badness 10000) has occurred while \output is active []


LaTeX Warning: Reference `thm:filtro_VRFT_nl' on page 23 undefined on input lin
e 129.


LaTeX Warning: Reference `eq:JVRTaylor_1' on page 24 undefined on input line 13
1.


LaTeX Warning: Reference `eq:JVRTaylor_2' on page 24 undefined on input line 13
1.


LaTeX Warning: Reference `eq:JyTaylor_1' on page 24 undefined on input line 131
.


LaTeX Warning: Reference `eq:JyTaylor_2' on page 24 undefined on input line 131
.


LaTeX Warning: Reference `eq:FiltroVRFTNL' on page 24 undefined on input line 1
31.


LaTeX Warning: Reference `eq:JVRTaylor_2' on page 24 undefined on input line 13
1.


LaTeX Warning: Reference `eq:JyTaylor_2' on page 24 undefined on input line 131
.


LaTeX Warning: Reference `eq:FilterObjective' on page 24 undefined on input lin
e 150.


LaTeX Warning: Reference `eq:uTil' on page 24 undefined on input line 156.


LaTeX Warning: Reference `eq:FilterObjective' on page 24 undefined on input lin
e 156.


Underfull \vbox (badness 10000) has occurred while \output is active []


LaTeX Warning: Reference `eq:eTil' on page 25 undefined on input line 171.


LaTeX Warning: Reference `eq:uTil_2' on page 25 undefined on input line 171.


LaTeX Warning: Reference `eq:29' on page 25 undefined on input line 185.


LaTeX Warning: Reference `eq:FilterObjective' on page 25 undefined on input lin
e 195.


LaTeX Warning: Reference `eq:28' on page 25 undefined on input line 200.

)

LaTeX Warning: Reference `thm:filtro_VRFT_nl' on page 25 undefined on input lin
e 448.


Package natbib Warning: There were undefined citations.


LaTeX Warning: There were undefined references.

 ) 
Here is how much of TeX's memory you used:
 37985 strings out of 479383
 876848 string characters out of 5875830
 3521423 words of memory out of 5000000
 54336 multiletter control sequences out of 15000+600000
 445430 words of font info for 134 fonts, out of 8000000 for 9000
 1141 hyphenation exceptions out of 8191
 97i,17n,100p,906b,640s stack positions out of 5000i,500n,10000p,200000b,80000s

Output written on tikz/Qualificacao-figure4.pdf (1 page, 3282 bytes).
PDF statistics:
 40 PDF objects out of 1000 (max. 8388607)
 19 compressed objects within 1 object stream
 1 named destinations out of 1000 (max. 500000)
 109 words of extra memory for PDF output out of 10000 (max. 10000000)

